<?xml version="1.0" encoding="UTF-8"?>
<!-- Generated by org.testng.reporters.JUnitXMLReporter -->
<testsuite hostname="LAPTOP-VUGTJ31C" ignored="2" name="Test" tests="2" failures="2" timestamp="2022-01-15T16:52:57 IST" time="10.709" errors="0">
  <testcase name="loginTest" time="2.947" classname="org.etsbytes.testcases.HomepageTest">
    <failure type="java.lang.AssertionError" message="expected [UnknowTitle] but found [Account – AskOmDch]">
      <![CDATA[java.lang.AssertionError: expected [UnknowTitle] but found [Account – AskOmDch]
at org.etsbytes.testcases.HomepageTest.loginTest(HomepageTest.java:22)
at java.util.concurrent.ThreadPoolExecutor.runWorker(ThreadPoolExecutor.java:1149)
at java.util.concurrent.ThreadPoolExecutor$Worker.run(ThreadPoolExecutor.java:624)
at java.lang.Thread.run(Thread.java:748)
... Removed 18 stack frames]]>
    </failure>
  </testcase> <!-- loginTest -->
  <testcase name="paymentTest" time="3.216" classname="org.etsbytes.testcases.PaymentTest">
    <failure type="java.lang.AssertionError" message="expected [UnknowTitle] but found [Account – AskOmDch]">
      <![CDATA[java.lang.AssertionError: expected [UnknowTitle] but found [Account – AskOmDch]
at org.etsbytes.testcases.PaymentTest.paymentTest(PaymentTest.java:21)
at java.util.concurrent.ThreadPoolExecutor.runWorker(ThreadPoolExecutor.java:1149)
at java.util.concurrent.ThreadPoolExecutor$Worker.run(ThreadPoolExecutor.java:624)
at java.lang.Thread.run(Thread.java:748)
... Removed 18 stack frames]]>
    </failure>
  </testcase> <!-- paymentTest -->
  <testcase name="@BeforeSuite beforeSuite" time="0.0" classname="org.etsbytes.testcases.BaseTest">
    <ignored/>
  </testcase> <!-- @BeforeSuite beforeSuite -->
  <testcase name="@AfterSuite afterSuite" time="0.0" classname="org.etsbytes.testcases.BaseTest">
    <ignored/>
  </testcase> <!-- @AfterSuite afterSuite -->
</testsuite> <!-- Test -->
