<?xml version="1.0" encoding="UTF-8"?>
<!-- Generated by org.testng.reporters.JUnitXMLReporter -->
<testsuite hostname="LAPTOP-VUGTJ31C" ignored="2" name="Test" tests="2" failures="0" timestamp="2022-01-09T18:07:09 IST" time="8.222" errors="0">
  <testcase name="loginTest" time="2.813" classname="org.etsbytes.testcases.HomepageTest"/>
  <testcase name="paymentTest" time="3.015" classname="org.etsbytes.testcases.PaymentTest"/>
  <testcase name="@BeforeSuite beforeSuite" time="0.0" classname="org.etsbytes.testcases.BaseTest">
    <ignored/>
  </testcase> <!-- @BeforeSuite beforeSuite -->
  <testcase name="@AfterSuite afterSuite" time="0.0" classname="org.etsbytes.testcases.BaseTest">
    <ignored/>
  </testcase> <!-- @AfterSuite afterSuite -->
</testsuite> <!-- Test -->
