<?xml version="1.0" encoding="UTF-8" ?>
<testsuite tests="2" failures="2" name="TestSuite" time="3.729" errors="0" skipped="0">
  <properties>
[...]
</properties>
  <testcase classname="org.etsbytes.testcases.HomepageTest" name="loginTest" time="1.697">
    <failure type="java.lang.NullPointerException">java.lang.NullPointerException
	at org.etsbytes.reports.ExtentLogger.pass(ExtentLogger.java:12)
	at org.etsbytes.pages.LoginPage.setUserName(LoginPage.java:18)
	at org.etsbytes.pages.LoginPage.loginToApp(LoginPage.java:35)
	at org.etsbytes.pages.HomePage.login(HomePage.java:27)
	at org.etsbytes.testcases.HomepageTest.loginTest(HomepageTest.java:18)
</failure>
    <system-out>Configuring TestNG with: org.apache.maven.surefire.testng.conf.TestNG652Configurator@61a52fbd
</system-out>
    <system-err>SLF4J: Failed to load class &quot;org.slf4j.impl.StaticLoggerBinder&quot;.
SLF4J: Defaulting to no-operation (NOP) logger implementation
SLF4J: See http://www.slf4j.org/codes.html#StaticLoggerBinder for further details.
Starting ChromeDriver 97.0.4692.71 (adefa7837d02a07a604c1e6eff0b3a09422ab88d-refs/branch-heads/4692@{#1247}) on port 47674
Only local connections are allowed.
Please see https://chromedriver.chromium.org/security-considerations for suggestions on keeping ChromeDriver safe.
ChromeDriver was started successfully.
Jan 15, 2022 5:59:27 PM org.openqa.selenium.remote.ProtocolHandshake createSession
INFO: Detected dialect: W3C
</system-err>
  </testcase>
  <testcase classname="org.etsbytes.testcases.PaymentTest" name="paymentTest" time="2.032">
    <failure type="java.lang.NullPointerException">java.lang.NullPointerException
	at org.etsbytes.reports.ExtentLogger.pass(ExtentLogger.java:12)
	at org.etsbytes.pages.LoginPage.setUserName(LoginPage.java:18)
	at org.etsbytes.pages.LoginPage.loginToApp(LoginPage.java:35)
	at org.etsbytes.pages.HomePage.login(HomePage.java:27)
	at org.etsbytes.testcases.PaymentTest.paymentTest(PaymentTest.java:18)
</failure>
    <system-err>Starting ChromeDriver 97.0.4692.71 (adefa7837d02a07a604c1e6eff0b3a09422ab88d-refs/branch-heads/4692@{#1247}) on port 44210
Only local connections are allowed.
Please see https://chromedriver.chromium.org/security-considerations for suggestions on keeping ChromeDriver safe.
ChromeDriver was started successfully.
Jan 15, 2022 5:59:32 PM org.openqa.selenium.remote.ProtocolHandshake createSession
INFO: Detected dialect: W3C
</system-err>
  </testcase>
</testsuite>