<?xml version="1.0" encoding="UTF-8"?>
<testng-results skipped="0" failed="2" ignored="4" total="6" passed="0">
  <reporter-output>
  </reporter-output>
  <suite name="Command line suite" duration-ms="20644" started-at="2022-01-15T17:59:15 IST" finished-at="2022-01-15T17:59:36 IST">
    <groups>
    </groups>
    <test name="Command line test" duration-ms="20644" started-at="2022-01-15T17:59:15 IST" finished-at="2022-01-15T17:59:36 IST">
      <class name="org.etsbytes.testcases.HomepageTest">
        <test-method status="PASS" signature="setUp()[pri:0, instance:org.etsbytes.testcases.HomepageTest@6ebc05a6]" name="setUp" is-config="true" duration-ms="12706" started-at="2022-01-15T17:59:15 IST" finished-at="2022-01-15T17:59:28 IST">
          <reporter-output>
          </reporter-output>
        </test-method> <!-- setUp -->
        <test-method status="FAIL" signature="loginTest(java.lang.String,java.lang.String)[pri:0, instance:org.etsbytes.testcases.HomepageTest@6ebc05a6]" name="loginTest" duration-ms="1683" started-at="2022-01-15T17:59:28 IST" description="To check whether the user can login to askOmDch website" data-provider="getData" finished-at="2022-01-15T17:59:30 IST">
          <params>
            <param index="0">
              <value>
                <![CDATA[admin]]>
              </value>
            </param>
            <param index="1">
              <value>
                <![CDATA[admin123]]>
              </value>
            </param>
          </params>
          <exception class="java.lang.NullPointerException">
            <full-stacktrace>
              <![CDATA[java.lang.NullPointerException
at org.etsbytes.reports.ExtentLogger.pass(ExtentLogger.java:12)
at org.etsbytes.pages.LoginPage.setUserName(LoginPage.java:18)
at org.etsbytes.pages.LoginPage.loginToApp(LoginPage.java:35)
at org.etsbytes.pages.HomePage.login(HomePage.java:27)
at org.etsbytes.testcases.HomepageTest.loginTest(HomepageTest.java:18)
at sun.reflect.NativeMethodAccessorImpl.invoke0(Native Method)
at sun.reflect.NativeMethodAccessorImpl.invoke(NativeMethodAccessorImpl.java:62)
at sun.reflect.DelegatingMethodAccessorImpl.invoke(DelegatingMethodAccessorImpl.java:43)
at java.lang.reflect.Method.invoke(Method.java:498)
at org.testng.internal.MethodInvocationHelper.invokeMethod(MethodInvocationHelper.java:133)
at org.testng.internal.TestInvoker.invokeMethod(TestInvoker.java:598)
at org.testng.internal.TestInvoker.invokeTestMethod(TestInvoker.java:173)
at org.testng.internal.MethodRunner.runInSequence(MethodRunner.java:46)
at org.testng.internal.TestInvoker$MethodInvocationAgent.invoke(TestInvoker.java:824)
at org.testng.internal.TestInvoker.invokeTestMethods(TestInvoker.java:146)
at org.testng.internal.TestMethodWorker.invokeTestMethods(TestMethodWorker.java:146)
at org.testng.internal.TestMethodWorker.run(TestMethodWorker.java:128)
at java.util.ArrayList.forEach(ArrayList.java:1259)
at org.testng.TestRunner.privateRun(TestRunner.java:794)
at org.testng.TestRunner.run(TestRunner.java:596)
at org.testng.SuiteRunner.runTest(SuiteRunner.java:377)
at org.testng.SuiteRunner.runSequentially(SuiteRunner.java:371)
at org.testng.SuiteRunner.privateRun(SuiteRunner.java:332)
at org.testng.SuiteRunner.run(SuiteRunner.java:276)
at org.testng.SuiteRunnerWorker.runSuite(SuiteRunnerWorker.java:53)
at org.testng.SuiteRunnerWorker.run(SuiteRunnerWorker.java:96)
at org.testng.TestNG.runSuitesSequentially(TestNG.java:1212)
at org.testng.TestNG.runSuitesLocally(TestNG.java:1134)
at org.testng.TestNG.runSuites(TestNG.java:1063)
at org.testng.TestNG.run(TestNG.java:1031)
at org.apache.maven.surefire.testng.TestNGExecutor.run(TestNGExecutor.java:77)
at org.apache.maven.surefire.testng.TestNGDirectoryTestSuite.executeMulti(TestNGDirectoryTestSuite.java:159)
at org.apache.maven.surefire.testng.TestNGDirectoryTestSuite.execute(TestNGDirectoryTestSuite.java:99)
at org.apache.maven.surefire.testng.TestNGProvider.invoke(TestNGProvider.java:106)
at sun.reflect.NativeMethodAccessorImpl.invoke0(Native Method)
at sun.reflect.NativeMethodAccessorImpl.invoke(NativeMethodAccessorImpl.java:62)
at sun.reflect.DelegatingMethodAccessorImpl.invoke(DelegatingMethodAccessorImpl.java:43)
at java.lang.reflect.Method.invoke(Method.java:498)
at org.apache.maven.surefire.util.ReflectionUtils.invokeMethodWithArray(ReflectionUtils.java:189)
at org.apache.maven.surefire.booter.ProviderFactory$ProviderProxy.invoke(ProviderFactory.java:165)
at org.apache.maven.surefire.booter.ProviderFactory.invokeProvider(ProviderFactory.java:85)
at org.apache.maven.surefire.booter.ForkedBooter.runSuitesInProcess(ForkedBooter.java:115)
at org.apache.maven.surefire.booter.ForkedBooter.main(ForkedBooter.java:75)
]]>
            </full-stacktrace>
          </exception> <!-- java.lang.NullPointerException -->
          <reporter-output>
          </reporter-output>
        </test-method> <!-- loginTest -->
        <test-method status="PASS" signature="tearDown()[pri:0, instance:org.etsbytes.testcases.HomepageTest@6ebc05a6]" name="tearDown" is-config="true" duration-ms="756" started-at="2022-01-15T17:59:30 IST" finished-at="2022-01-15T17:59:30 IST">
          <reporter-output>
          </reporter-output>
        </test-method> <!-- tearDown -->
      </class> <!-- org.etsbytes.testcases.HomepageTest -->
      <class name="org.etsbytes.testcases.BaseTest">
        <test-method status="PASS" signature="beforeSuite()[pri:0, instance:org.etsbytes.testcases.BaseTest@3701eaf6]" name="beforeSuite" is-config="true" duration-ms="18" started-at="2022-01-15T17:59:15 IST" finished-at="2022-01-15T17:59:15 IST">
          <reporter-output>
          </reporter-output>
        </test-method> <!-- beforeSuite -->
        <test-method status="PASS" signature="afterSuite()[pri:0, instance:org.etsbytes.testcases.BaseTest@3701eaf6]" name="afterSuite" is-config="true" duration-ms="0" started-at="2022-01-15T17:59:36 IST" finished-at="2022-01-15T17:59:36 IST">
          <reporter-output>
          </reporter-output>
        </test-method> <!-- afterSuite -->
      </class> <!-- org.etsbytes.testcases.BaseTest -->
      <class name="org.etsbytes.testcases.PaymentTest">
        <test-method status="PASS" signature="setUp()[pri:0, instance:org.etsbytes.testcases.PaymentTest@6e6c3152]" name="setUp" is-config="true" duration-ms="2661" started-at="2022-01-15T17:59:30 IST" finished-at="2022-01-15T17:59:33 IST">
          <reporter-output>
          </reporter-output>
        </test-method> <!-- setUp -->
        <test-method status="FAIL" signature="paymentTest(java.lang.String,java.lang.String)[pri:0, instance:org.etsbytes.testcases.PaymentTest@6e6c3152]" name="paymentTest" duration-ms="2032" started-at="2022-01-15T17:59:33 IST" description="To verify the payment mode is working or not" data-provider="getData" finished-at="2022-01-15T17:59:35 IST">
          <params>
            <param index="0">
              <value>
                <![CDATA[admin]]>
              </value>
            </param>
            <param index="1">
              <value>
                <![CDATA[admin123]]>
              </value>
            </param>
          </params>
          <exception class="java.lang.NullPointerException">
            <full-stacktrace>
              <![CDATA[java.lang.NullPointerException
at org.etsbytes.reports.ExtentLogger.pass(ExtentLogger.java:12)
at org.etsbytes.pages.LoginPage.setUserName(LoginPage.java:18)
at org.etsbytes.pages.LoginPage.loginToApp(LoginPage.java:35)
at org.etsbytes.pages.HomePage.login(HomePage.java:27)
at org.etsbytes.testcases.PaymentTest.paymentTest(PaymentTest.java:18)
at sun.reflect.NativeMethodAccessorImpl.invoke0(Native Method)
at sun.reflect.NativeMethodAccessorImpl.invoke(NativeMethodAccessorImpl.java:62)
at sun.reflect.DelegatingMethodAccessorImpl.invoke(DelegatingMethodAccessorImpl.java:43)
at java.lang.reflect.Method.invoke(Method.java:498)
at org.testng.internal.MethodInvocationHelper.invokeMethod(MethodInvocationHelper.java:133)
at org.testng.internal.TestInvoker.invokeMethod(TestInvoker.java:598)
at org.testng.internal.TestInvoker.invokeTestMethod(TestInvoker.java:173)
at org.testng.internal.MethodRunner.runInSequence(MethodRunner.java:46)
at org.testng.internal.TestInvoker$MethodInvocationAgent.invoke(TestInvoker.java:824)
at org.testng.internal.TestInvoker.invokeTestMethods(TestInvoker.java:146)
at org.testng.internal.TestMethodWorker.invokeTestMethods(TestMethodWorker.java:146)
at org.testng.internal.TestMethodWorker.run(TestMethodWorker.java:128)
at java.util.ArrayList.forEach(ArrayList.java:1259)
at org.testng.TestRunner.privateRun(TestRunner.java:794)
at org.testng.TestRunner.run(TestRunner.java:596)
at org.testng.SuiteRunner.runTest(SuiteRunner.java:377)
at org.testng.SuiteRunner.runSequentially(SuiteRunner.java:371)
at org.testng.SuiteRunner.privateRun(SuiteRunner.java:332)
at org.testng.SuiteRunner.run(SuiteRunner.java:276)
at org.testng.SuiteRunnerWorker.runSuite(SuiteRunnerWorker.java:53)
at org.testng.SuiteRunnerWorker.run(SuiteRunnerWorker.java:96)
at org.testng.TestNG.runSuitesSequentially(TestNG.java:1212)
at org.testng.TestNG.runSuitesLocally(TestNG.java:1134)
at org.testng.TestNG.runSuites(TestNG.java:1063)
at org.testng.TestNG.run(TestNG.java:1031)
at org.apache.maven.surefire.testng.TestNGExecutor.run(TestNGExecutor.java:77)
at org.apache.maven.surefire.testng.TestNGDirectoryTestSuite.executeMulti(TestNGDirectoryTestSuite.java:159)
at org.apache.maven.surefire.testng.TestNGDirectoryTestSuite.execute(TestNGDirectoryTestSuite.java:99)
at org.apache.maven.surefire.testng.TestNGProvider.invoke(TestNGProvider.java:106)
at sun.reflect.NativeMethodAccessorImpl.invoke0(Native Method)
at sun.reflect.NativeMethodAccessorImpl.invoke(NativeMethodAccessorImpl.java:62)
at sun.reflect.DelegatingMethodAccessorImpl.invoke(DelegatingMethodAccessorImpl.java:43)
at java.lang.reflect.Method.invoke(Method.java:498)
at org.apache.maven.surefire.util.ReflectionUtils.invokeMethodWithArray(ReflectionUtils.java:189)
at org.apache.maven.surefire.booter.ProviderFactory$ProviderProxy.invoke(ProviderFactory.java:165)
at org.apache.maven.surefire.booter.ProviderFactory.invokeProvider(ProviderFactory.java:85)
at org.apache.maven.surefire.booter.ForkedBooter.runSuitesInProcess(ForkedBooter.java:115)
at org.apache.maven.surefire.booter.ForkedBooter.main(ForkedBooter.java:75)
]]>
            </full-stacktrace>
          </exception> <!-- java.lang.NullPointerException -->
          <reporter-output>
          </reporter-output>
        </test-method> <!-- paymentTest -->
        <test-method status="PASS" signature="tearDown()[pri:0, instance:org.etsbytes.testcases.PaymentTest@6e6c3152]" name="tearDown" is-config="true" duration-ms="740" started-at="2022-01-15T17:59:35 IST" finished-at="2022-01-15T17:59:36 IST">
          <reporter-output>
          </reporter-output>
        </test-method> <!-- tearDown -->
      </class> <!-- org.etsbytes.testcases.PaymentTest -->
    </test> <!-- Command line test -->
  </suite> <!-- Command line suite -->
</testng-results>
